# Resumo do Lote 1/5 (letras: a, b, c, d, e)
Gerado em: 10/06/2026 17:36:32 -0300
Total de bulas: 715

## Letra a (715)
  + A Curitybina
  + A Saúde da Mulher
  + AAS Infantil
  + AAS Protect
  + ABC
  + Abcalcium B12
  + Abcler Abnat
  + Abelcet
  + Abilify
  + Ablok
  + Ablok Plus
  + Abretia
  + Abrifit
  + Abrilar
  + Acarsan
  + Accolate
  + Accuvit
  + Acebrofilina Biosintética - Aché
  + Acebrofilina Cimed
  + Acebrofilina EMS
  + Acebrofilina Eurofarma - Momenta
  + Acebrofilina Geolab
  + Acebrofilina Legrand
  + Acebrofilina Medley
  + Acebrofilina Medquímica
  + Acebrofilina Multilab
  + Acebrofilina Neo Química
  + Acebrofilina Prati-Donaduzzi
  + Acebrofilina Teuto
  + Acebrofilina União Química
  + Aceclo-Gran
  + Aceclofenaco Comprimido EMS
  + Aceclofenaco Comprimido Germed Pharma
  + Aceclofenaco Creme Germed Pharma
  + Aceclofenaco Legrand
  + Aceclofenaco Multilab
  + Aceclofenaco Ranbaxy
  + Aceclofenaco Vitamedic
  + Acemedrox
  + Aceratum
  + Acerogrip C
  + Acertanlo
  + Acertil
  + Acesyl
  + Acetato de Ciproterona + Etinilestradiol Biosintética - Aché
  + Acetato de Ciproterona + Etinilestradiol Mabra
  + Acetato de Ciproterona + Etinilestradiol Neo Química
  + Acetato de Ciproterona Bergamo/Amgen
  + Acetato de Desmopressina - Bergamo
  + Acetato de Dexametasona Cimed
  + Acetato de Dexametasona EMS
  + Acetato de Dexametasona Geolab
  + Acetato de Dexametasona Multilab
  + Acetato de Dexametasona Prati-Donaduzzi
  + Acetato de Dexametasona Sanval
  + Acetato de Dexametasona Teuto
  + Acetato de Dexametasona União Química
  + Acetato de Hidrocortisona Teuto
  + Acetato de Hidrocortisona União Química
  + Acetato de Prednisolona Geolab
  + Acetato de Prednisolona Novartis
  + Acetato de Sódio Citopharma Indústrial
  + Acetazona Elixir
  + Aceticil
  + Acetilcisteína Biosintética - Aché — A acetilcisteína atua como um precursor para a síntese de glutationa e, portanto, mantém a glutationa celular em um nível suficiente para inativar o NAPQI. Acredita-se que este seja o principal mecanismo pelo qual a acetilcisteína atua nos estágios iniciais da toxicidade do paracetamol, com benefício observado principalmente em pacientes tratados dentro de 8-10 horas após a superdosagem.
  + Acetilcisteína EMS — A acetilcisteína atua como um precursor para a síntese de glutationa e, portanto, mantém a glutationa celular em um nível suficiente para inativar o NAPQI. Acredita-se que este seja o principal mecanismo pelo qual a acetilcisteína atua nos estágios iniciais da toxicidade do paracetamol, com benefício observado principalmente em pacientes tratados dentro de 8-10 horas após a superdosagem.
  + Acetilcisteína Geolab — A acetilcisteína atua como um precursor para a síntese de glutationa e, portanto, mantém a glutationa celular em um nível suficiente para inativar o NAPQI. Acredita-se que este seja o principal mecanismo pelo qual a acetilcisteína atua nos estágios iniciais da toxicidade do paracetamol, com benefício observado principalmente em pacientes tratados dentro de 8-10 horas após a superdosagem.
  + Acetilcisteína Germed Pharma — A acetilcisteína atua como um precursor para a síntese de glutationa e, portanto, mantém a glutationa celular em um nível suficiente para inativar o NAPQI. Acredita-se que este seja o principal mecanismo pelo qual a acetilcisteína atua nos estágios iniciais da toxicidade do paracetamol, com benefício observado principalmente em pacientes tratados dentro de 8-10 horas após a superdosagem.
  + Acetilcisteína Injetável União Química — A acetilcisteína atua como um precursor para a síntese de glutationa e, portanto, mantém a glutationa celular em um nível suficiente para inativar o NAPQI. Acredita-se que este seja o principal mecanismo pelo qual a acetilcisteína atua nos estágios iniciais da toxicidade do paracetamol, com benefício observado principalmente em pacientes tratados dentro de 8-10 horas após a superdosagem.
  + Acetilcisteína Legrand — A acetilcisteína atua como um precursor para a síntese de glutationa e, portanto, mantém a glutationa celular em um nível suficiente para inativar o NAPQI. Acredita-se que este seja o principal mecanismo pelo qual a acetilcisteína atua nos estágios iniciais da toxicidade do paracetamol, com benefício observado principalmente em pacientes tratados dentro de 8-10 horas após a superdosagem.
  + Acetilcisteína Neo Química — A acetilcisteína atua como um precursor para a síntese de glutationa e, portanto, mantém a glutationa celular em um nível suficiente para inativar o NAPQI. Acredita-se que este seja o principal mecanismo pelo qual a acetilcisteína atua nos estágios iniciais da toxicidade do paracetamol, com benefício observado principalmente em pacientes tratados dentro de 8-10 horas após a superdosagem.
  + Acetilcisteína Prati-Donaduzzi — A acetilcisteína atua como um precursor para a síntese de glutationa e, portanto, mantém a glutationa celular em um nível suficiente para inativar o NAPQI. Acredita-se que este seja o principal mecanismo pelo qual a acetilcisteína atua nos estágios iniciais da toxicidade do paracetamol, com benefício observado principalmente em pacientes tratados dentro de 8-10 horas após a superdosagem.
  + Acetilcisteína Teuto — A acetilcisteína atua como um precursor para a síntese de glutationa e, portanto, mantém a glutationa celular em um nível suficiente para inativar o NAPQI. Acredita-se que este seja o principal mecanismo pelo qual a acetilcisteína atua nos estágios iniciais da toxicidade do paracetamol, com benefício observado principalmente em pacientes tratados dentro de 8-10 horas após a superdosagem.
  + Acetildor
  + Acfol
  + Aciclofar Creme
  + Aciclomed Comprimido
  + Aciclor
  + Aciclovir - LFM
  + Aciclovir Blau
  + Aciclovir Comprimido 1Farma
  + Aciclovir Comprimido Biosintética - Aché
  + Aciclovir Comprimido Cimed
  + Aciclovir Comprimido Geolab
  + Aciclovir Comprimido Legrand
  + Aciclovir Comprimido Medley
  + Aciclovir Comprimido Multilab
  + Aciclovir Comprimido Neo Química
  + Aciclovir Comprimido Pharlab
  + Aciclovir Comprimido Prati-Donaduzzi
  + Aciclovir Comprimido Sandoz
  + Aciclovir Comprimido União Química
  + Aciclovir Creme Cifarma
  + Aciclovir Creme EMS
  + Aciclovir Creme Germed Pharma
  + Aciclovir Creme Pharlab
  + Aciclovir Creme Teuto
  + Aciclovir Eurofarma - Momenta
  + Aciclovir Merck
  + Aciclovir Multilab
  + Aciclovir Pomada Oftálmica Pharlab
  + Aciclovir Ranbaxy
  + Acidina
  + Acinic
  + Acivirax Comprimido
  + Aclasta
  + Acnase Creme
  + Acnee Loss
  + Acnefin
  + Acnezil
  + Acnezil Base
  + Acnova
  + Actemra
  + Actemra SC
  + Actifedrin
  + Actilyse
  + Activelle
  + Actos
  + Acu Fresh
  + Acular
  + Acular CMC
  + Acular LS
  + AD FURP
  + Ad-Muc
  + Ad-Til
  + Adacel
  + Adacel Polio
  + Adacne
  + Adalat
  + Adalat Oros
  + Adalat Oros
  + Adapaleno Biosintética - Aché
  + Adapaleno EMS
  + Adapaleno Germed Pharma
  + Adapaleno Legrand
  + Adapaleno Medley
  + Adapel
  + Adcetris
  + Adcirca
  + Addera D3 Comprimido
  + Adeforte
  + Adempas
  + Adenocard
  + Adenosina Hipolabor
  + Aderogil
  + Adinos
  + Adinos Gen
  + Adipept
  + Adnax
  + Adoless
  + Adren
  + Adrenyl
  + Adriblastina RD
  + Advate
  + Advidine Pvpi
  + Advil 400mg
  + Aebol
  + Aerocort S
  + Aerodini
  + Aerodivent
  + Aeroflux
  + Aerofrin Spray
  + Aerogold
  + Aerogreen
  + Aerojet
  + Aerolin
  + Aeromed
  + Aerotamol
  + Aerotrat
  + Afinitor
  + Afolic
  + Afopic
  + Afrat
  + Aftine
  + Aftliv
  + Agamir
  + Agarol
  + Agasten Comprimido
  + Agiolax
  + Aglitil
  + Agrastat
  + Agritoss
  + Agrylin
  + Ah-Zul
  + Air Salonpas
  + Airclin
  + Aires — A acetilcisteína atua como um precursor para a síntese de glutationa e, portanto, mantém a glutationa celular em um nível suficiente para inativar o NAPQI. Acredita-se que este seja o principal mecanismo pelo qual a acetilcisteína atua nos estágios iniciais da toxicidade do paracetamol, com benefício observado principalmente em pacientes tratados dentro de 8-10 horas após a superdosagem.
  + Aixa
  + Akineton
  + Alaglu
  + Albel
  + Albendazol Cimed
  + Albendazol Comprimido Neo Química
  + Albendazol Germed Pharma
  + Albendazol Legrand
  + Albendazol LFM
  + Albendazol Medley
  + Albendazol Nova Química
  + Albendazol Prati-Donaduzzi
  + Albendazol Teuto
  + Albendrox
  + Albendy
  + Albenix Globo Pharma
  + Albentel
  + Albicon
  + Albiomin
  + Albistin Creme Vaginal
  + Albumax
  + Albumina Humana Grifols
  + Albumina Sérica Humana Normal
  + Albuminar
  + Alburex 20
  + Alcachofra Aspen Pharma
  + Alcachofra Herbarium
  + Alcachofra Multilab
  + Alcachofra Natulab
  + Alcachofra Vitamed
  + Alcachofrax
  + Alcaflor Uno
  + Alcagest
  + Alcalone Plus
  + Alcanatan
  + Alcatoss Xarope Herbarium
  + Alcytam
  + Aldactone
  + Aldazida
  + Aldijet
  + Aldomet
  + Aldosterin
  + Aldurazyme
  + Alektos
  + Alendil
  + Alendil Cálcio D
  + Alendronato de Sódio Biosintética - Aché
  + Alendronato de Sódio EMS
  + Alendronato de Sódio Eurofarma - Momenta
  + Alendronato de Sódio FURP
  + Alendronato de Sódio Germed Pharma
  + Alendronato de Sódio Legrand
  + Alendronato de Sódio Neo Química
  + Alendronato de Sódio Nova Química
  + Alendronato de Sódio Sandoz
  + Alendronato de Sódio Teuto
  + Alendrus
  + Alendósseo
  + Alenia
  + Alenthus XR
  + Alerfin
  + Alergaliv
  + Alergaliv D
  + Alergcorten
  + Alergidex
  + Alerginyl
  + Alergo Filinal
  + Alergolon
  + Alergomine
  + Alergyo
  + Aletir
  + Alevo
  + Alfaepoetina Blau
  + Alfaepoetina Fiocruz
  + Alfaestradiol Bergamo/Amgen
  + Alfainterferona 2B Fiocruz
  + Alfainterferona 2B Recombinante Aché
  + Alfast
  + Algestona Acetofenida + Enantato de Estradiol EMS
  + Algestona Acetofenida + Enantato de Estradiol Eurofarma - Momenta
  + Algestona Acetofenida + Enantato de Estradiol Germed Pharma
  + Algestona Acetofenida + Enantato de Estradiol Legrand
  + Algestona Acetofenida + Enantato de Estradiol Mabra
  + Algi Tanderil
  + Algi-butazolon
  + Algi-Reumatril
  + Algicod
  + Algirona
  + Algy-Flanderil
  + Alicura
  + Alimax
  + Alimta
  + Alivbaby
  + Alivdip
  + Aliviador
  + Aliviol
  + Alivium
  + Alivpress
  + Alkeran Comprimido
  + Allegra
  + Allegra D
  + Allegra D 24 horas
  + Allestra 20
  + Allestra 30
  + Allexofedrin
  + Allexofedrin D
  + Allfort
  + Allium Sativum D1 As Ervas Curam
  + Allurene
  + Alopurinol Medley
  + Alopurinol Prati-Donaduzzi
  + Alopurinol Sandoz
  + Aloxidil
  + Alozex
  + Alphabrin
  + Alphabrin P
  + Alphacaine
  + Alphagan
  + Alphanate
  + Alprazolam Biosintética - Aché
  + Alprazolam EMS
  + Alprazolam Eurofarma - Momenta
  + Alprazolam Germed Pharma
  + Alprazolam Legrand
  + Alprazolam Medley
  + Alprazolam Neo Química
  + Alprazolam Nova Química
  + Alprazolam Teuto
  + Alprazolam Zydus Nikkho
  + Alproxy
  + Alrex
  + AltaD
  + Altargo
  + Altiva
  + Alumimax
  + Alumime
  + Alurax
  + Alvesco
  + Alzepinol
  + Amaglyn
  + Amaryl
  + Amaryl Flex
  + Amato
  + AmBisome
  + Ambroflux
  + Ambrol
  + Ambroxmed
  + Ambroxmel
  + Amelovas
  + Amicilon
  + Amicored
  + Amicozol
  + Amilorid
  + Aminofilina
  + Aminofilina Comprimido Hipolabor
  + Aminofilina Comprimido Teuto
  + Aminofilina Farmace
  + Aminofilina Hypofarma
  + Aminofilina Neo Química
  + Aminoplasmal 10%
  + Aminosteril N-Hepa 8%
  + Aminotrat
  + Aminoven
  + Aminoven 10% Infant
  + Amiobal
  + Amioron
  + Amixal
  + Amlocor
  + Amlodil
  + Amlovasc
  + Amoxadene Suspensão Oral
  + Amoxicilina + Clavulanato de Potássio Aurobindo Pharma do Brasil
  + Amoxicilina + Clavulanato de Potássio Comprimido Biosintética - Aché
  + Amoxicilina + Clavulanato de Potássio Comprimido EMS
  + Amoxicilina + Clavulanato de Potássio Comprimido Legrand
  + Amoxicilina + Clavulanato de Potássio Comprimido Ranbaxy
  + Amoxicilina + Clavulanato de Potássio Comprimido Sandoz
  + Amoxicilina + Clavulanato de Potássio Eurofarma - Momenta
  + Amoxicilina + Clavulanato de Potássio Germed Pharma
  + Amoxicilina + Clavulanato de Potássio Nova Química
  + Amoxicilina Aurobindo Pharma do Brasil
  + Amoxicilina Biosintética - Aché
  + Amoxicilina Comprimido Eurofarma - Momenta
  + Amoxicilina Cápsula Germed Pharma
  + Amoxicilina Cápsula Sandoz
  + Amoxicilina Legrand
  + Amoxicilina Medley
  + Amoxicilina Neo Química
  + Amoxicilina Nova Química
  + Amoxicilina Prati-Donaduzzi
  + Amoxicilina Ranbaxy
  + Amoxicilina Tri-Hidratada + Clavulanato de Potássio Comprimido Teuto
  + Amoxicilina Unichem
  + Amoxicilina União Química
  + Amoxil
  + Amoximed
  + Ampicilab
  + Ampicilina Comprimido EMS
  + Ampicilina Cápsula Prati-Donaduzzi
  + Ampicilina Eurofarma - Momenta
  + Ampicilina Neo Química
  + Ampicilina Nova Química
  + Ampicilina Sandoz
  + Ampicilina Sódica + Sulbactam Sódico ABL Brasil
  + Ampicilina Sódica + Sulbactam Sódico Aurobindo Pharma do Brasil
  + Ampicilina Sódica + Sulbactam Sódico Nova Farma
  + Ampicilina Sódica Aurobindo Pharma do Brasil
  + Ampicilina Sódica Teuto
  + Amplacilina
  + Amplatil
  + Amplictil
  + Amplium
  + Amplium G
  + Amplofib
  + Amplogin
  + Amplospec
  + Amprax
  + Amytril
  + Ana-Flex
  + Anador
  + Analgesin
  + Analgisen
  + Anangor
  + Anartrit
  + Anaseptil
  + Anastrolibbs
  + Anastrozol Eurofarma - Momenta
  + Anaten
  + Anclomax
  + Ancloric
  + Ancoron
  + Andantol
  + Andolba Creme
  + Andriodermol
  + Androcortil
  + Androcur
  + Androfloxin
  + Androgel
  + Androsten
  + Androsten Uno
  + Androxon Testocaps
  + Anemifer
  + Anemion
  + Anesevo
  + Anesfent
  + Anestalcon
  + Anestésico Oculum
  + Anfertil
  + Anflat Comprimido
  + Anforicin
  + Anforicin B
  + Anfugine
  + Anfugitarin
  + Angeliq
  + Angil
  + Angin Heel
  + Angino-Rub
  + Angio II
  + Angiolong
  + Angiolot
  + Angiopril
  + Angipress
  + Angipress CD
  + Angyton
  + Anidulafungina Pfizer
  + Anlo
  + Anlodibal
  + Anlodipino — Infarto do miocárdio (morte de células do músculo cardíaco por falta de sangue), arritmia (alteração do ritmo do coração), incluindo
  + Annita
  + Anoro Ellipta
  + Ansentron
  + Ansiodoron
  + Ansiopax
  + Ansirax
  + Ansitec
  + Ansival
  + Antak
  + Antidin
  + Antietanol
  + Antigeron
  + Antimicótico CTL
  + Antistax
  + Antivirax Comprimido
  + Antrofi
  + Antux
  + Anzemet IV
  + Aortt
  + Apetibom BC
  + Apetil
  + Apetivan BC
  + Apetiviton BC
  + Apevinat BC
  + Apevitin BC
  + Apidra
  + Apiron
  + Apis Mellifica 6CH Boiron
  + Aplause
  + Apmed
  + Apracur
  + Apraz
  + Apresolina
  + Aprolan
  + Aprovel
  + Aquaben
  + Aquaclin
  + Araceli
  + Aracor Anlo
  + Aracor HCT
  + Aracytin
  + Aracytin CS
  + Aradois
  + Aradois H
  + Aramin
  + Aranesp
  + Arartan
  + Arasid
  + Arava
  + Arcalion
  + Arcolan
  + Arcoxia
  + Arelix
  + Aremaz
  + Ares
  + Arflex Retard
  + Argevit C
  + Argirol
  + Argix
  + Aricilina
  + Arifenicol
  + Arimidex
  + Aripiprazol Biosintética - Aché
  + Aripiprazol Sandoz
  + Aripiprazol Unichem
  + Aripiprazol Zydus Nikkho
  + Ariscorten
  + Aristab
  + Aristopramida
  + Arixtra
  + Arlivry
  + Arnica do Mato EC
  + Arnica Gel Herbarium
  + Arnica Hertz
  + Arnica montana 6CH Homeopatia Almeida Prado
  + Arnica Montana C1
  + Arnica Montana D1
  + Arnica Weleda
  + Aromasin
  + Aropax
  + Arovit
  + Arovit Vita
  + Arozep
  + Arpadol
  + Artane
  + Artelac
  + Articaine 100
  + Artinizona
  + Artisal
  + Artren
  + Artril
  + Artrinid — O início da ação é verificado 5 minutos após a administração de Artrinid.
  + Artritec
  + Artrodar
  + Artrolive
  + Artrosil
  + Arulatan
  + Arzerra
  + AS-Med
  + Asalit
  + Ascaridil
  + Asdron
  + Asea HCT
  + Asepxia Gel Secativo
  + Asercit
  + Asmafin
  + Asmaliv
  + Asmapen
  + Asmatoss Bals
  + Asmifen
  + Asmofen
  + Aspargil C
  + Aspirina
  + Aspirina C
  + Aspirina Efervescente
  + Aspirina Prevent
  + Assepmed
  + Asseptcare
  + Assert
  + Astig
  + Astrale
  + Astro
  + Astro IV
  + Atacand
  + Atacand Comb
  + Atacand HCT
  + Atak
  + Atak Clav
  + Atelidona
  + Atenase
  + Ateneum
  + Atenobal
  + Atenoclor
  + Atenol
  + Atenolab
  + Atenolol + Clortalidona Biosintética - Aché
  + Atenolol + Clortalidona EMS
  + Atenolol + Clortalidona Eurofarma - Momenta
  + Atenolol + Clortalidona Geolab
  + Atenolol + Clortalidona Germed Pharma
  + Atenolol + Clortalidona Legrand
  + Atenolol + Clortalidona Medley
  + Atenolol + Clortalidona Sandoz
  + Atenolol 1Farma
  + Atenolol Aurobindo Pharma do Brasil
  + Atenolol Biosintética - Aché
  + Atenolol Cimed
  + Atenolol EMS
  + Atenolol Germed Pharma
  + Atenolol Laboratório Cristália
  + Atenolol Legrand
  + Atenolol Medley
  + Atenolol Multilab
  + Atenolol Neo Química
  + Atenolol Nova Química
  + Atenolol Pharlab
  + Atenolol Prati-Donaduzzi
  + Atenolol Ranbaxy
  + Atenolol Sandoz
  + Atenolol Teuto
  + Atenolol Vitamedic
  + Atenopress
  + Atenorese
  + Atenoric
  + Atenozem
  + Atensina
  + Atensiol
  + Atepress
  + Aterogrel
  + Ateroma
  + Atillus Multi
  + Atinac
  + Atip
  + Atip XR
  + Atlansil
  + Atmos
  + Atorless
  + Atorvastatina Cálcica 1Farma
  + Atorvastatina Cálcica EMS
  + Atorvastatina Cálcica Eurofarma - Momenta
  + Atorvastatina Cálcica FURP
  + Atorvastatina Cálcica Geolab
  + Atorvastatina Cálcica Germed Pharma
  + Atorvastatina Cálcica Legrand
  + Atorvastatina Cálcica Medley
  + Atorvastatina Cálcica Multilab
  + Atorvastatina Cálcica Neo Química
  + Atorvastatina Cálcica Sandoz
  + Atorvastatina Cálcica Teuto
  + Atorvasterol
  + Atossion
  + Atred
  + Atrofarma
  + Atropa Belladonna D1
  + Atropina
  + Atropion
  + Atrovent
  + Atroveran Composto Comprimido
  + Aturgyl
  + Aubagio
  + Auris-Sedina
  + Aurorix
  + Avaden
  + Avafil
  + Aval
  + Avamys
  + Avastin
  + Avaxim
  + Avestria
  + Avicis
  + Avide
  + Avodart
  + Avonex
  + Axepen
  + Axeron
  + Axetilcefuroxima Aurobindo Pharma do Brasil
  + Axetilcefuroxima Sandoz
  + Axonium
  + Azanem
  + Azatioprina FURP
  + Azelan Creme Dermatológico
  + Azeus
  + Azicin
  + Azilect
  + Azimed
  + Azinostil
  + Aziol
  + Aziram
  + Azitrax Gu
  + Azitrin
  + Azitrogran
  + Azitrolab
  + Azitromed
  + Azitromicina Di-Hidratada Althaia
  + Azitromicina Di-Hidratada Cifarma
  + Azitromicina Di-Hidratada Comprimido Eurofarma - Momenta
  + Azitromicina Di-Hidratada Comprimido Germed Pharma
  + Azitromicina Di-Hidratada Comprimido Prati-Donaduzzi
  + Azitromicina Di-Hidratada Comprimido Teuto
  + Azitromicina Di-Hidratada EMS
  + Azitromicina Di-Hidratada Globo Pharma
  + Azitromicina Di-Hidratada Hipolabor
  + Azitromicina Di-Hidratada Laboratório Cristália
  + Azitromicina Di-Hidratada Medley
  + Azitromicina Di-Hidratada Medquímica
  + Azitromicina Di-Hidratada Merck
  + Azitromicina Di-Hidratada Nova Química
  + Azitromicina Di-Hidratada Pharlab
  + Azitromicina Monoidratada ABL Brasil
  + Azitromicina Pharmascience
  + Azitromicina Ranbaxy
  + Azitromicina Sandoz
  + Azitrophar Suspensão Oral
  + Aznite
  + Azopt
  + Azorga
  + Aztreonam BioChimico
  + Azukon MR
  + Azulfin
  + Azulix
